<?xml version="1.0" encoding="UTF-8"?>
<!-- Generated by org.testng.reporters.JUnitReportReporter -->
<testsuite hostname="Flipkart-MacBookPro-18.local" name="lego.gracekelly.KellyTest" tests="8" failures="0" timestamp="24 Sep 2013 10:27:27 GMT" time="12.032" errors="0">
  <testcase name="expireTest" time="4.003" classname="lego.gracekelly.KellyTest"/>
  <testcase name="reloadCacheEntryTest" time="4.005" classname="lego.gracekelly.KellyTest"/>
  <testcase name="ttlZeroTest" time="1.003" classname="lego.gracekelly.KellyTest"/>
  <testcase name="noCacheEntryTest" time="0.000" classname="lego.gracekelly.KellyTest"/>
  <testcase name="kellyGetTest" time="0.001" classname="lego.gracekelly.KellyTest"/>
  <testcase name="requestsInFlightTest" time="3.003" classname="lego.gracekelly.KellyTest"/>
  <testcase name="kellyPutTest" time="0.014" classname="lego.gracekelly.KellyTest"/>
  <testcase name="kellyExceptionsTest" time="0.003" classname="lego.gracekelly.KellyTest"/>
</testsuite> <!-- lego.gracekelly.KellyTest -->
