<?xml version="1.0" encoding="UTF-8"?>
<!-- Generated by org.testng.reporters.JUnitReportReporter -->
<testsuite hostname="Flipkart-MacBookPro-18.local" name="lego.gracekelly.LoaderCallableTest" tests="1" failures="0" timestamp="24 Sep 2013 10:27:27 GMT" time="0.511" errors="0">
  <testcase name="testCallable" time="0.511" classname="lego.gracekelly.LoaderCallableTest"/>
</testsuite> <!-- lego.gracekelly.LoaderCallableTest -->
