<?xml version="1.0" encoding="UTF-8"?>
<!-- Generated by org.testng.reporters.JUnitReportReporter -->
<testsuite hostname="Flipkart-MacBookPro-18.local" name="lego.gracekelly.CacheEntryTest" tests="2" failures="0" timestamp="24 Sep 2013 10:27:27 GMT" time="0.000" errors="0">
  <testcase name="cacheEntryWithoutTTL" time="0.000" classname="lego.gracekelly.CacheEntryTest"/>
  <testcase name="cacheEntryWithTTL" time="0.000" classname="lego.gracekelly.CacheEntryTest"/>
</testsuite> <!-- lego.gracekelly.CacheEntryTest -->
