<?xml version="1.0" encoding="UTF-8" ?>
<testsuite failures="0" time="3.035" errors="0" skipped="0" tests="4" name="TestSuite">
  <properties>
    <property name="java.runtime.name" value="Java(TM) SE Runtime Environment"/>
    <property name="sun.boot.library.path" value="/System/Library/Java/JavaVirtualMachines/1.6.0.jdk/Contents/Libraries"/>
    <property name="java.vm.version" value="20.4-b02-402"/>
    <property name="awt.nativeDoubleBuffering" value="true"/>
    <property name="gopherProxySet" value="false"/>
    <property name="mrj.build" value="11M3527"/>
    <property name="java.vm.vendor" value="Apple Inc."/>
    <property name="java.vendor.url" value="http://www.apple.com/"/>
    <property name="path.separator" value=":"/>
    <property name="java.vm.name" value="Java HotSpot(TM) 64-Bit Server VM"/>
    <property name="file.encoding.pkg" value="sun.io"/>
    <property name="user.country" value="US"/>
    <property name="sun.java.launcher" value="SUN_STANDARD"/>
    <property name="sun.os.patch.level" value="unknown"/>
    <property name="java.vm.specification.name" value="Java Virtual Machine Specification"/>
    <property name="user.dir" value="/Users/suman.karthik/Development/lego/GraceKelly"/>
    <property name="java.runtime.version" value="1.6.0_29-b11-402-11M3527"/>
    <property name="java.awt.graphicsenv" value="apple.awt.CGraphicsEnvironment"/>
    <property name="basedir" value="/Users/suman.karthik/Development/lego/GraceKelly"/>
    <property name="java.endorsed.dirs" value="/System/Library/Java/JavaVirtualMachines/1.6.0.jdk/Contents/Home/lib/endorsed"/>
    <property name="os.arch" value="x86_64"/>
    <property name="surefire.real.class.path" value="/Users/suman.karthik/Development/lego/GraceKelly/target/surefire/surefirebooter5376898956165855041.jar"/>
    <property name="java.io.tmpdir" value="/var/folders/t0/h6dtng7s0j3d9v0j3lh7d9_40000gp/T/"/>
    <property name="line.separator" value="
"/>
    <property name="java.vm.specification.vendor" value="Sun Microsystems Inc."/>
    <property name="os.name" value="Mac OS X"/>
    <property name="sun.jnu.encoding" value="MacRoman"/>
    <property name="java.library.path" value=".:/Library/Java/Extensions:/System/Library/Java/Extensions:/usr/lib/java"/>
    <property name="surefire.test.class.path" value="/Users/suman.karthik/Development/lego/GraceKelly/target/test-classes:/Users/suman.karthik/Development/lego/GraceKelly/target/classes:/Users/suman.karthik/.m2/repository/org/clojars/mrphoebs/iswear/1.0/iswear-1.0.jar:/Users/suman.karthik/.m2/repository/org/mockito/mockito-all/1.9.5/mockito-all-1.9.5.jar:/Users/suman.karthik/.m2/repository/org/testng/testng/6.8/testng-6.8.jar:/Users/suman.karthik/.m2/repository/junit/junit/4.10/junit-4.10.jar:/Users/suman.karthik/.m2/repository/org/hamcrest/hamcrest-core/1.1/hamcrest-core-1.1.jar:/Users/suman.karthik/.m2/repository/org/beanshell/bsh/2.0b4/bsh-2.0b4.jar:/Users/suman.karthik/.m2/repository/com/beust/jcommander/1.27/jcommander-1.27.jar:/Users/suman.karthik/.m2/repository/org/yaml/snakeyaml/1.6/snakeyaml-1.6.jar:"/>
    <property name="java.specification.name" value="Java Platform API Specification"/>
    <property name="java.class.version" value="50.0"/>
    <property name="sun.management.compiler" value="HotSpot 64-Bit Tiered Compilers"/>
    <property name="os.version" value="10.7.2"/>
    <property name="http.nonProxyHosts" value="local|*.local|169.254/16|*.169.254/16"/>
    <property name="user.home" value="/Users/suman.karthik"/>
    <property name="user.timezone" value="GMT+05:30"/>
    <property name="java.awt.printerjob" value="apple.awt.CPrinterJob"/>
    <property name="java.specification.version" value="1.6"/>
    <property name="file.encoding" value="MacRoman"/>
    <property name="user.name" value="suman.karthik"/>
    <property name="java.class.path" value="/Users/suman.karthik/Development/lego/GraceKelly/target/test-classes:/Users/suman.karthik/Development/lego/GraceKelly/target/classes:/Users/suman.karthik/.m2/repository/org/clojars/mrphoebs/iswear/1.0/iswear-1.0.jar:/Users/suman.karthik/.m2/repository/org/mockito/mockito-all/1.9.5/mockito-all-1.9.5.jar:/Users/suman.karthik/.m2/repository/org/testng/testng/6.8/testng-6.8.jar:/Users/suman.karthik/.m2/repository/junit/junit/4.10/junit-4.10.jar:/Users/suman.karthik/.m2/repository/org/hamcrest/hamcrest-core/1.1/hamcrest-core-1.1.jar:/Users/suman.karthik/.m2/repository/org/beanshell/bsh/2.0b4/bsh-2.0b4.jar:/Users/suman.karthik/.m2/repository/com/beust/jcommander/1.27/jcommander-1.27.jar:/Users/suman.karthik/.m2/repository/org/yaml/snakeyaml/1.6/snakeyaml-1.6.jar:"/>
    <property name="java.vm.specification.version" value="1.0"/>
    <property name="sun.arch.data.model" value="64"/>
    <property name="java.home" value="/System/Library/Java/JavaVirtualMachines/1.6.0.jdk/Contents/Home"/>
    <property name="sun.java.command" value="/Users/suman.karthik/Development/lego/GraceKelly/target/surefire/surefirebooter5376898956165855041.jar /Users/suman.karthik/Development/lego/GraceKelly/target/surefire/surefire7178854551194790900tmp /Users/suman.karthik/Development/lego/GraceKelly/target/surefire/surefire4163344216356377991tmp"/>
    <property name="java.specification.vendor" value="Sun Microsystems Inc."/>
    <property name="user.language" value="en"/>
    <property name="awt.toolkit" value="apple.awt.CToolkit"/>
    <property name="java.vm.info" value="mixed mode"/>
    <property name="java.version" value="1.6.0_29"/>
    <property name="java.ext.dirs" value="/Library/Java/Extensions:/System/Library/Java/Extensions:/System/Library/Java/JavaVirtualMachines/1.6.0.jdk/Contents/Home/lib/ext"/>
    <property name="sun.boot.class.path" value="/System/Library/Java/JavaVirtualMachines/1.6.0.jdk/Contents/Classes/jsfd.jar:/System/Library/Java/JavaVirtualMachines/1.6.0.jdk/Contents/Classes/classes.jar:/System/Library/Frameworks/JavaVM.framework/Frameworks/JavaRuntimeSupport.framework/Resources/Java/JavaRuntimeSupport.jar:/System/Library/Java/JavaVirtualMachines/1.6.0.jdk/Contents/Classes/ui.jar:/System/Library/Java/JavaVirtualMachines/1.6.0.jdk/Contents/Classes/laf.jar:/System/Library/Java/JavaVirtualMachines/1.6.0.jdk/Contents/Classes/sunrsasign.jar:/System/Library/Java/JavaVirtualMachines/1.6.0.jdk/Contents/Classes/jsse.jar:/System/Library/Java/JavaVirtualMachines/1.6.0.jdk/Contents/Classes/jce.jar:/System/Library/Java/JavaVirtualMachines/1.6.0.jdk/Contents/Classes/charsets.jar"/>
    <property name="java.vendor" value="Apple Inc."/>
    <property name="localRepository" value="/Users/suman.karthik/.m2/repository"/>
    <property name="file.separator" value="/"/>
    <property name="java.vendor.url.bug" value="http://bugreport.apple.com/"/>
    <property name="sun.cpu.endian" value="little"/>
    <property name="sun.io.unicode.encoding" value="UnicodeLittle"/>
    <property name="mrj.version" value="1070.1.6.0_29-402"/>
    <property name="socksNonProxyHosts" value="local|*.local|169.254/16|*.169.254/16"/>
    <property name="ftp.nonProxyHosts" value="local|*.local|169.254/16|*.169.254/16"/>
    <property name="sun.cpu.isalist" value=""/>
  </properties>
  <testcase time="0.008" classname="KellyTest" name="kellyExceptionsTest"/>
  <testcase time="0" classname="KellyTest" name="noCacheEntryTest"/>
  <testcase time="2.016" classname="KellyTest" name="reloadCacheEntryTest"/>
  <testcase time="0.502" classname="LoaderCallableTest" name="testCallable"/>
</testsuite>