<?xml version="1.0" encoding="UTF-8"?>
<!-- Generated by org.testng.reporters.JUnitReportReporter -->
<testsuite hostname="Flipkart-MacBookPro-18.local" name="LoaderCallableTest" tests="1" failures="0" timestamp="20 Aug 2013 09:15:04 GMT" time="0.502" errors="0">
  <testcase name="testCallable" time="0.502" classname="LoaderCallableTest"/>
</testsuite> <!-- LoaderCallableTest -->
