<?xml version="1.0" encoding="UTF-8"?>
<!-- Generated by org.testng.reporters.JUnitReportReporter -->
<testsuite hostname="Flipkart-MacBookPro-18.local" name="KellyTest" tests="3" failures="0" timestamp="20 Aug 2013 09:15:04 GMT" time="2.024" errors="0">
  <testcase name="reloadCacheEntryTest" time="2.016" classname="KellyTest"/>
  <testcase name="kellyExceptionsTest" time="0.008" classname="KellyTest"/>
  <testcase name="noCacheEntryTest" time="0.000" classname="KellyTest"/>
</testsuite> <!-- KellyTest -->
